-------------------------------------------------------------------------------
Test set: com.kgh.dpiprobe.DpiprobeApplicationTest
-------------------------------------------------------------------------------
Tests run: 1, Failures: 0, Errors: 1, Skipped: 0, Time elapsed: 1.763 s <<< FAILURE! - in com.kgh.dpiprobe.DpiprobeApplicationTest
test_spring_boot_application_starts  Time elapsed: 0.002 s  <<< ERROR!
java.lang.IllegalStateException: Failed to load ApplicationContext
Caused by: org.springframework.beans.factory.support.BeanDefinitionOverrideException: Invalid bean definition with name 'mongoAuditingHandler' defined in null: Cannot register bean definition [Root bean: class [org.springframework.data.auditing.IsNewAwareAuditingHandler]; scope=; abstract=false; lazyInit=null; autowireMode=2; dependencyCheck=0; autowireCandidate=true; primary=false; factoryBeanName=null; factoryMethodName=null; initMethodName=null; destroyMethodName=null] for bean 'mongoAuditingHandler': There is already [Root bean: class [org.springframework.data.auditing.IsNewAwareAuditingHandler]; scope=; abstract=false; lazyInit=null; autowireMode=2; dependencyCheck=0; autowireCandidate=true; primary=false; factoryBeanName=null; factoryMethodName=null; initMethodName=null; destroyMethodName=null] bound.

