<?xml version="1.0" encoding="UTF-8"?>
<testsuite xmlns:xsi="http://www.w3.org/2001/XMLSchema-instance" xsi:noNamespaceSchemaLocation="https://maven.apache.org/surefire/maven-surefire-plugin/xsd/surefire-test-report.xsd" name="com.kgh.dpiprobe.DpiprobeApplicationTest" time="10.006" tests="1" errors="0" skipped="0" failures="0">
  <properties>
[...]
</properties>
  <testcase name="test_spring_boot_application_starts" classname="com.kgh.dpiprobe.DpiprobeApplicationTest" time="0.667"/>
</testsuite>